[02:40:56] [ServerMain/INFO]: Environment: Environment[sessionHost=https://sessionserver.mojang.com, servicesHost=https://api.minecraftservices.com, profilesHost=https://api.mojang.com, name=PROD]
[02:41:00] [ServerMain/INFO]: Loaded 1515 recipes
[02:41:00] [ServerMain/INFO]: Loaded 1617 advancements
[02:41:00] [Server thread/INFO]: Starting minecraft server version 26.1.2
[02:41:00] [Server thread/INFO]: Loading properties
[02:41:00] [Server thread/INFO]: Default game type: SURVIVAL
[02:41:00] [Server thread/INFO]: Generating keypair
[02:41:00] [Server thread/INFO]: Starting Minecraft server on *:25565
[02:41:01] [Server thread/WARN]: **** SERVER IS RUNNING IN OFFLINE/INSECURE MODE!
[02:41:01] [Server thread/WARN]: The server will make no attempt to authenticate usernames. Beware.
[02:41:01] [Server thread/WARN]: While this makes the game possible to play without internet access, it also opens up the ability for hackers to connect with any username they choose.
[02:41:01] [Server thread/WARN]: To change this, set "online-mode" to "true" in the server.properties file.
[02:41:01] [Server thread/INFO]: Preparing level "world"
[02:41:01] [Server thread/INFO]: Loading 0 persistent chunks...
[02:41:01] [Server thread/INFO]: Preparing spawn area: 100%
[02:41:01] [Server thread/INFO]: Time elapsed: 16 ms
[02:41:01] [Server thread/INFO]: Done (0.552s)! For help, type "help"
[02:41:01] [Server thread/INFO]: Saving chunks for level 'ServerLevel[world]'/minecraft:overworld
[02:41:01] [Server thread/INFO]: Saving chunks for level 'ServerLevel[world]'/minecraft:the_nether
[02:41:01] [Server thread/INFO]: Saving chunks for level 'ServerLevel[world]'/minecraft:the_end
[02:41:01] [Server thread/INFO]: ThreadedAnvilChunkStorage (world): All chunks are saved
[02:41:01] [Server thread/INFO]: ThreadedAnvilChunkStorage (DIM-1): All chunks are saved
[02:41:01] [Server thread/INFO]: ThreadedAnvilChunkStorage (DIM1): All chunks are saved
[02:41:01] [Server thread/INFO]: ThreadedAnvilChunkStorage: All dimensions are saved
[02:41:39] [Server thread/INFO]: Stopping the server
[02:41:39] [Server thread/INFO]: Stopping server
[02:41:39] [Server thread/INFO]: Saving players
[02:41:39] [Server thread/INFO]: Saving worlds
[02:41:39] [Server thread/INFO]: Saving chunks for level 'ServerLevel[world]'/minecraft:overworld
[02:41:39] [Server thread/INFO]: Saving chunks for level 'ServerLevel[world]'/minecraft:the_nether
[02:41:39] [Server thread/INFO]: Saving chunks for level 'ServerLevel[world]'/minecraft:the_end
[02:41:39] [Server thread/INFO]: ThreadedAnvilChunkStorage (world): All chunks are saved
[02:41:39] [Server thread/INFO]: ThreadedAnvilChunkStorage (DIM-1): All chunks are saved
[02:41:39] [Server thread/INFO]: ThreadedAnvilChunkStorage (DIM1): All chunks are saved
[02:41:39] [Server thread/INFO]: ThreadedAnvilChunkStorage: All dimensions are saved
